<?xml version="1.0" encoding="UTF-8"?>
<testng-results ignored="0" total="1" passed="1" failed="0" skipped="0">
  <reporter-output>
    <line>
      <![CDATA[click on org link successful]]>
    </line>
    <line>
      <![CDATA[click on org look up image successful]]>
    </line>
    <line>
      <![CDATA[org is created successfully]]>
    </line>
    <line>
      <![CDATA[click on contact link successful]]>
    </line>
    <line>
      <![CDATA[click on contact look up image successful]]>
    </line>
    <line>
      <![CDATA[new contact is created]]>
    </line>
  </reporter-output>
  <suite started-at="2023-03-29T12:22:47 IST" name="Default suite" finished-at="2023-03-29T12:24:20 IST" duration-ms="92665">
    <groups>
    </groups>
    <test started-at="2023-03-29T12:22:47 IST" name="Default test" finished-at="2023-03-29T12:24:20 IST" duration-ms="92665">
      <class name="vtiger.Contacts.CreateContactWithOrganizationTest">
        <test-method is-config="true" signature="bsConfig()[pri:0, instance:vtiger.Contacts.CreateContactWithOrganizationTest@4659191b]" started-at="2023-03-29T12:22:47 IST" name="bsConfig" finished-at="2023-03-29T12:22:47 IST" duration-ms="56" status="PASS">
          <reporter-output>
          </reporter-output>
        </test-method> <!-- bsConfig -->
        <test-method is-config="true" signature="bcConfig()[pri:0, instance:vtiger.Contacts.CreateContactWithOrganizationTest@4659191b]" started-at="2023-03-29T12:22:50 IST" name="bcConfig" finished-at="2023-03-29T12:23:12 IST" duration-ms="21909" status="PASS">
          <reporter-output>
          </reporter-output>
        </test-method> <!-- bcConfig -->
        <test-method is-config="true" signature="bmConfig()[pri:0, instance:vtiger.Contacts.CreateContactWithOrganizationTest@4659191b]" started-at="2023-03-29T12:23:12 IST" name="bmConfig" finished-at="2023-03-29T12:23:18 IST" duration-ms="5692" status="PASS">
          <reporter-output>
          </reporter-output>
        </test-method> <!-- bmConfig -->
        <test-method signature="CreateContactWithOrgTest()[pri:0, instance:vtiger.Contacts.CreateContactWithOrganizationTest@4659191b]" started-at="2023-03-29T12:23:18 IST" name="CreateContactWithOrgTest" finished-at="2023-03-29T12:24:14 IST" duration-ms="56209" status="PASS">
          <reporter-output>
            <line>
              <![CDATA[click on org link successful]]>
            </line>
            <line>
              <![CDATA[click on org look up image successful]]>
            </line>
            <line>
              <![CDATA[org is created successfully]]>
            </line>
            <line>
              <![CDATA[click on contact link successful]]>
            </line>
            <line>
              <![CDATA[click on contact look up image successful]]>
            </line>
            <line>
              <![CDATA[new contact is created]]>
            </line>
          </reporter-output>
        </test-method> <!-- CreateContactWithOrgTest -->
        <test-method is-config="true" signature="amConfig()[pri:0, instance:vtiger.Contacts.CreateContactWithOrganizationTest@4659191b]" started-at="2023-03-29T12:24:14 IST" name="amConfig" finished-at="2023-03-29T12:24:17 IST" duration-ms="3463" status="PASS">
          <reporter-output>
          </reporter-output>
        </test-method> <!-- amConfig -->
        <test-method is-config="true" signature="acConfig()[pri:0, instance:vtiger.Contacts.CreateContactWithOrganizationTest@4659191b]" started-at="2023-03-29T12:24:17 IST" name="acConfig" finished-at="2023-03-29T12:24:20 IST" duration-ms="2772" status="PASS">
          <reporter-output>
          </reporter-output>
        </test-method> <!-- acConfig -->
        <test-method is-config="true" signature="asConfig()[pri:0, instance:vtiger.Contacts.CreateContactWithOrganizationTest@4659191b]" started-at="2023-03-29T12:24:23 IST" name="asConfig" finished-at="2023-03-29T12:24:23 IST" duration-ms="0" status="PASS">
          <reporter-output>
          </reporter-output>
        </test-method> <!-- asConfig -->
      </class> <!-- vtiger.Contacts.CreateContactWithOrganizationTest -->
    </test> <!-- Default test -->
  </suite> <!-- Default suite -->
</testng-results>
